e:\cours\l3\s2\ppil\projetdessinppil\projetdessinclient\projetdessinclient\debug\vc141.pdb
e:\cours\l3\s2\ppil\projetdessinppil\projetdessinclient\projetdessinclient\debug\vc141.idb
e:\cours\l3\s2\ppil\projetdessinppil\projetdessinclient\projetdessinclient\debug\visitordessin.obj
e:\cours\l3\s2\ppil\projetdessinppil\projetdessinclient\projetdessinclient\debug\triangle.obj
e:\cours\l3\s2\ppil\projetdessinppil\projetdessinclient\projetdessinclient\debug\segment.obj
e:\cours\l3\s2\ppil\projetdessinppil\projetdessinclient\projetdessinclient\debug\polygone.obj
e:\cours\l3\s2\ppil\projetdessinppil\projetdessinclient\projetdessinclient\debug\formegeometriquesimple.obj
e:\cours\l3\s2\ppil\projetdessinppil\projetdessinclient\projetdessinclient\debug\formegeometriquebase.obj
e:\cours\l3\s2\ppil\projetdessinppil\projetdessinclient\projetdessinclient\debug\fenetre.obj
e:\cours\l3\s2\ppil\projetdessinppil\projetdessinclient\projetdessinclient\debug\dessinservjava.obj
e:\cours\l3\s2\ppil\projetdessinppil\projetdessinclient\projetdessinclient\debug\croix.obj
e:\cours\l3\s2\ppil\projetdessinppil\projetdessinclient\projetdessinclient\debug\cercle.obj
e:\cours\l3\s2\ppil\projetdessinppil\projetdessinclient\projetdessinclient\debug\vecteur2d.obj
e:\cours\l3\s2\ppil\projetdessinppil\projetdessinclient\projetdessinclient\debug\main.obj
e:\cours\l3\s2\ppil\projetdessinppil\projetdessinclient\projetdessinclient\debug\erreur.obj
e:\cours\l3\s2\ppil\projetdessinppil\projetdessinclient\projetdessinclient\debug\client.obj
e:\cours\l3\s2\ppil\projetdessinppil\projetdessinclient\projetdessinclient\debug\dictionnairecharger.obj
e:\cours\l3\s2\ppil\projetdessinppil\projetdessinclient\projetdessinclient\debug\chargersegmenttxt.obj
e:\cours\l3\s2\ppil\projetdessinppil\projetdessinclient\projetdessinclient\debug\chargercor.obj
e:\cours\l3\s2\ppil\projetdessinppil\projetdessinclient\debug\projetdessinclient.exe
e:\cours\l3\s2\ppil\projetdessinppil\projetdessinclient\debug\projetdessinclient.ilk
e:\cours\l3\s2\ppil\projetdessinppil\projetdessinclient\debug\projetdessinclient.pdb
e:\cours\l3\s2\ppil\projetdessinppil\projetdessinclient\projetdessinclient\debug\nativecodeanalysis.read.1.tlog
e:\cours\l3\s2\ppil\projetdessinppil\projetdessinclient\projetdessinclient\debug\erreur.nativecodeanalysis.xml
e:\cours\l3\s2\ppil\projetdessinppil\projetdessinclient\projetdessinclient\debug\vc.nativecodeanalysis.all.xml
e:\cours\l3\s2\ppil\projetdessinppil\projetdessinclient\projetdessinclient\debug\projetde.9863c5db.tlog\cl.command.1.tlog
e:\cours\l3\s2\ppil\projetdessinppil\projetdessinclient\projetdessinclient\debug\projetde.9863c5db.tlog\cl.read.1.tlog
e:\cours\l3\s2\ppil\projetdessinppil\projetdessinclient\projetdessinclient\debug\projetde.9863c5db.tlog\cl.write.1.tlog
e:\cours\l3\s2\ppil\projetdessinppil\projetdessinclient\projetdessinclient\debug\projetde.9863c5db.tlog\link.command.1.tlog
e:\cours\l3\s2\ppil\projetdessinppil\projetdessinclient\projetdessinclient\debug\projetde.9863c5db.tlog\link.read.1.tlog
e:\cours\l3\s2\ppil\projetdessinppil\projetdessinclient\projetdessinclient\debug\projetde.9863c5db.tlog\link.write.1.tlog
