e:\cours\l3\s2\ppil\projetdessinppil\projetdessinclient\projetdessinclient\x64\debug\vc141.pdb
e:\cours\l3\s2\ppil\projetdessinppil\projetdessinclient\projetdessinclient\x64\debug\vc141.idb
e:\cours\l3\s2\ppil\projetdessinppil\projetdessinclient\projetdessinclient\x64\debug\triangle.obj
e:\cours\l3\s2\ppil\projetdessinppil\projetdessinclient\projetdessinclient\x64\debug\segment.obj
e:\cours\l3\s2\ppil\projetdessinppil\projetdessinclient\projetdessinclient\x64\debug\polygone.obj
e:\cours\l3\s2\ppil\projetdessinppil\projetdessinclient\projetdessinclient\x64\debug\main.obj
e:\cours\l3\s2\ppil\projetdessinppil\projetdessinclient\projetdessinclient\x64\debug\formegeometriquesimple.obj
e:\cours\l3\s2\ppil\projetdessinppil\projetdessinclient\projetdessinclient\x64\debug\formegeometriquecompose.obj
e:\cours\l3\s2\ppil\projetdessinppil\projetdessinclient\projetdessinclient\x64\debug\formegeometriquebase.obj
e:\cours\l3\s2\ppil\projetdessinppil\projetdessinclient\projetdessinclient\x64\debug\fenetre.obj
e:\cours\l3\s2\ppil\projetdessinppil\projetdessinclient\projetdessinclient\x64\debug\erreur.obj
e:\cours\l3\s2\ppil\projetdessinppil\projetdessinclient\projetdessinclient\x64\debug\dictionnairecharger.obj
e:\cours\l3\s2\ppil\projetdessinppil\projetdessinclient\projetdessinclient\x64\debug\dessinservjava.obj
e:\cours\l3\s2\ppil\projetdessinppil\projetdessinclient\projetdessinclient\x64\debug\croix.obj
e:\cours\l3\s2\ppil\projetdessinppil\projetdessinclient\projetdessinclient\x64\debug\client.obj
e:\cours\l3\s2\ppil\projetdessinppil\projetdessinclient\projetdessinclient\x64\debug\chargertriangletxt.obj
e:\cours\l3\s2\ppil\projetdessinppil\projetdessinclient\projetdessinclient\x64\debug\chargersegmenttxt.obj
e:\cours\l3\s2\ppil\projetdessinppil\projetdessinclient\projetdessinclient\x64\debug\chargerpolygonetxt.obj
e:\cours\l3\s2\ppil\projetdessinppil\projetdessinclient\projetdessinclient\x64\debug\chargercroixtxt.obj
e:\cours\l3\s2\ppil\projetdessinppil\projetdessinclient\projetdessinclient\x64\debug\chargercor.obj
e:\cours\l3\s2\ppil\projetdessinppil\projetdessinclient\projetdessinclient\x64\debug\chargercercletxt.obj
e:\cours\l3\s2\ppil\projetdessinppil\projetdessinclient\projetdessinclient\x64\debug\cercle.obj
e:\cours\l3\s2\ppil\projetdessinppil\projetdessinclient\projetdessinclient\x64\debug\visitordessin.obj
e:\cours\l3\s2\ppil\projetdessinppil\projetdessinclient\projetdessinclient\x64\debug\vecteur2d.obj
e:\cours\l3\s2\ppil\projetdessinppil\projetdessinclient\projetdessinclient\x64\debug\sauvgtxt.obj
e:\cours\l3\s2\ppil\projetdessinppil\projetdessinclient\projetdessinclient\x64\debug\visitorsauvg.obj
e:\cours\l3\s2\ppil\projetdessinppil\projetdessinclient\x64\debug\projetdessinclient.exe
e:\cours\l3\s2\ppil\projetdessinppil\projetdessinclient\x64\debug\projetdessinclient.ilk
e:\cours\l3\s2\ppil\projetdessinppil\projetdessinclient\x64\debug\projetdessinclient.pdb
e:\cours\l3\s2\ppil\projetdessinppil\projetdessinclient\projetdessinclient\x64\debug\projetde.9863c5db.tlog\cl.command.1.tlog
e:\cours\l3\s2\ppil\projetdessinppil\projetdessinclient\projetdessinclient\x64\debug\projetde.9863c5db.tlog\cl.read.1.tlog
e:\cours\l3\s2\ppil\projetdessinppil\projetdessinclient\projetdessinclient\x64\debug\projetde.9863c5db.tlog\cl.write.1.tlog
e:\cours\l3\s2\ppil\projetdessinppil\projetdessinclient\projetdessinclient\x64\debug\projetde.9863c5db.tlog\link.command.1.tlog
e:\cours\l3\s2\ppil\projetdessinppil\projetdessinclient\projetdessinclient\x64\debug\projetde.9863c5db.tlog\link.read.1.tlog
e:\cours\l3\s2\ppil\projetdessinppil\projetdessinclient\projetdessinclient\x64\debug\projetde.9863c5db.tlog\link.write.1.tlog
