<<<<<<< HEAD
﻿  Main.cpp
e:\cours\l3\s2\ppil\projetdessinppil\projetdessinclient\projetdessinclient\polygone.h(45): warning C4267: '=' : conversion de 'size_t' en 'int', perte possible de données
e:\cours\l3\s2\ppil\projetdessinppil\projetdessinclient\projetdessinclient\formegeometriquecompose.h(46): warning C4267: '=' : conversion de 'size_t' en 'int', perte possible de données
e:\cours\l3\s2\ppil\projetdessinppil\projetdessinclient\projetdessinclient\main.cpp(17): warning C4267: 'argument' : conversion de 'size_t' en 'const int', perte possible de données
  SauvgTxt.cpp
e:\cours\l3\s2\ppil\projetdessinppil\projetdessinclient\projetdessinclient\polygone.h(45): warning C4267: '=' : conversion de 'size_t' en 'int', perte possible de données
  Génération de code en cours...
  projetDessinClient.vcxproj -> E:\cours\L3\S2\PPIL\ProjetDessinPPIL\projetDessinClient\x64\Debug\projetDessinClient.exe
=======
﻿  Cercle.cpp
c:\users\proprietaire\desktop\licence\projetdessinppil\projetdessinclient\projetdessinclient\formegeometriquecompose.h(46): warning C4267: '=' : conversion de 'size_t' en 'int', perte possible de données
  ChargerCercleTxt.cpp
  ChargerCOR.cpp
  ChargerCroixTxt.cpp
  ChargerPolygoneTxt.cpp
  ChargerSegmentTxt.cpp
  ChargerTriangleTxt.cpp
  Client.cpp
c:\users\proprietaire\desktop\licence\projetdessinppil\projetdessinclient\projetdessinclient\client.cpp(58): warning C4267: 'argument' : conversion de 'size_t' en 'int', perte possible de données
  Croix.cpp
c:\users\proprietaire\desktop\licence\projetdessinppil\projetdessinclient\projetdessinclient\formegeometriquecompose.h(46): warning C4267: '=' : conversion de 'size_t' en 'int', perte possible de données
  DessinServJava.cpp
c:\users\proprietaire\desktop\licence\projetdessinppil\projetdessinclient\projetdessinclient\formegeometriquecompose.h(46): warning C4267: '=' : conversion de 'size_t' en 'int', perte possible de données
  DictionnaireCharger.cpp
  Erreur.cpp
c:\users\proprietaire\desktop\licence\projetdessinppil\projetdessinclient\projetdessinclient\erreur.cpp(12): warning C4267: 'initialisation' : conversion de 'size_t' en 'int', perte possible de données
  Fenetre.cpp
c:\users\proprietaire\desktop\licence\projetdessinppil\projetdessinclient\projetdessinclient\formegeometriquecompose.h(46): warning C4267: '=' : conversion de 'size_t' en 'int', perte possible de données
  FormeGeometriqueBase.cpp
  FormeGeometriqueCompose.cpp
c:\users\proprietaire\desktop\licence\projetdessinppil\projetdessinclient\projetdessinclient\formegeometriquecompose.h(46): warning C4267: '=' : conversion de 'size_t' en 'int', perte possible de données
  FormeGeometriqueSimple.cpp
  Main.cpp
c:\users\proprietaire\desktop\licence\projetdessinppil\projetdessinclient\projetdessinclient\formegeometriquecompose.h(46): warning C4267: '=' : conversion de 'size_t' en 'int', perte possible de données
c:\users\proprietaire\desktop\licence\projetdessinppil\projetdessinclient\projetdessinclient\main.cpp(16): warning C4267: 'argument' : conversion de 'size_t' en 'const int', perte possible de données
  Polygone.cpp
c:\users\proprietaire\desktop\licence\projetdessinppil\projetdessinclient\projetdessinclient\formegeometriquecompose.h(46): warning C4267: '=' : conversion de 'size_t' en 'int', perte possible de données
  Segment.cpp
c:\users\proprietaire\desktop\licence\projetdessinppil\projetdessinclient\projetdessinclient\formegeometriquecompose.h(46): warning C4267: '=' : conversion de 'size_t' en 'int', perte possible de données
  Triangle.cpp
c:\users\proprietaire\desktop\licence\projetdessinppil\projetdessinclient\projetdessinclient\formegeometriquecompose.h(46): warning C4267: '=' : conversion de 'size_t' en 'int', perte possible de données
  Génération de code en cours...
  Compilation en cours...
  Vecteur2D.cpp
  VisitorDessin.cpp
c:\users\proprietaire\desktop\licence\projetdessinppil\projetdessinclient\projetdessinclient\formegeometriquecompose.h(46): warning C4267: '=' : conversion de 'size_t' en 'int', perte possible de données
  Génération de code en cours...
  projetDessinClient.vcxproj -> C:\Users\Proprietaire\Desktop\Licence\ProjetDessinPPIL\ProjetDessinClient\x64\Debug\projetDessinClient.exe
>>>>>>> 1a4d9e1b3b343ef97a2923dc5fbfb8229e6d0e9e
