e:\cours\l3\s2\ppil\projetdessinppil\projectdessinclient\projectdessinclient\x64\debug\vc141.pdb
e:\cours\l3\s2\ppil\projetdessinppil\projectdessinclient\projectdessinclient\x64\debug\vc141.idb
e:\cours\l3\s2\ppil\projetdessinppil\projectdessinclient\projectdessinclient\x64\debug\visitordessin.obj
e:\cours\l3\s2\ppil\projetdessinppil\projectdessinclient\projectdessinclient\x64\debug\vecteur2d.obj
e:\cours\l3\s2\ppil\projetdessinppil\projectdessinclient\projectdessinclient\x64\debug\triangle.obj
e:\cours\l3\s2\ppil\projetdessinppil\projectdessinclient\projectdessinclient\x64\debug\segment.obj
e:\cours\l3\s2\ppil\projetdessinppil\projectdessinclient\projectdessinclient\x64\debug\polygone.obj
e:\cours\l3\s2\ppil\projetdessinppil\projectdessinclient\projectdessinclient\x64\debug\main.obj
e:\cours\l3\s2\ppil\projetdessinppil\projectdessinclient\projectdessinclient\x64\debug\formegeometriquesimple.obj
e:\cours\l3\s2\ppil\projetdessinppil\projectdessinclient\projectdessinclient\x64\debug\formegeometriquebase.obj
e:\cours\l3\s2\ppil\projetdessinppil\projectdessinclient\projectdessinclient\x64\debug\fenetre.obj
e:\cours\l3\s2\ppil\projetdessinppil\projectdessinclient\projectdessinclient\x64\debug\erreur.obj
e:\cours\l3\s2\ppil\projetdessinppil\projectdessinclient\projectdessinclient\x64\debug\dessinservjava.obj
e:\cours\l3\s2\ppil\projetdessinppil\projectdessinclient\projectdessinclient\x64\debug\croix.obj
e:\cours\l3\s2\ppil\projetdessinppil\projectdessinclient\projectdessinclient\x64\debug\client.obj
e:\cours\l3\s2\ppil\projetdessinppil\projectdessinclient\projectdessinclient\x64\debug\cercle.obj
e:\cours\l3\s2\ppil\projetdessinppil\projectdessinclient\x64\debug\projectdessinclient.ilk
e:\cours\l3\s2\ppil\projetdessinppil\projectdessinclient\x64\debug\projectdessinclient.exe
e:\cours\l3\s2\ppil\projetdessinppil\projectdessinclient\x64\debug\projectdessinclient.pdb
e:\cours\l3\s2\ppil\projetdessinppil\projectdessinclient\projectdessinclient\x64\debug\projectd.b569d85b.tlog\cl.command.1.tlog
e:\cours\l3\s2\ppil\projetdessinppil\projectdessinclient\projectdessinclient\x64\debug\projectd.b569d85b.tlog\cl.read.1.tlog
e:\cours\l3\s2\ppil\projetdessinppil\projectdessinclient\projectdessinclient\x64\debug\projectd.b569d85b.tlog\cl.write.1.tlog
e:\cours\l3\s2\ppil\projetdessinppil\projectdessinclient\projectdessinclient\x64\debug\projectd.b569d85b.tlog\link.command.1.tlog
e:\cours\l3\s2\ppil\projetdessinppil\projectdessinclient\projectdessinclient\x64\debug\projectd.b569d85b.tlog\link.read.1.tlog
e:\cours\l3\s2\ppil\projetdessinppil\projectdessinclient\projectdessinclient\x64\debug\projectd.b569d85b.tlog\link.write.1.tlog
